#
# A fatal error has been detected by the Java Runtime Environment:
#
#  EXCEPTION_ACCESS_VIOLATION (0xc0000005) at pc=0x00007ffe27566b07, pid=2104, tid=17484
#
# JRE version: OpenJDK Runtime Environment Corretto-17.0.12.7.1 (17.0.12+7) (build 17.0.12+7-LTS)
# Java VM: OpenJDK 64-Bit Server VM Corretto-17.0.12.7.1 (17.0.12+7-LTS, mixed mode, sharing, tiered, compressed oops, compressed class ptrs, g1 gc, windows-amd64)
# Problematic frame:
# C  [glass.dll+0x26b07]
#
# No core dump will be written. Minidumps are not enabled by default on client versions of Windows
#
# If you would like to submit a bug report, please visit:
#   https://github.com/corretto/corretto-17/issues/
#

---------------  S U M M A R Y ------------

Command Line: -javaagent:C:\Program Files\JetBrains\IntelliJ IDEA Community Edition 2024.1.4\lib\idea_rt.jar=51585:C:\Program Files\JetBrains\IntelliJ IDEA Community Edition 2024.1.4\bin -Dfile.encoding=UTF-8 --module-path=C:\Users\elish\.m2\repository\org\openjfx\javafx-controls\17.0.6\javafx-controls-17.0.6-win.jar;C:\Users\elish\OneDrive\Desktop\Java\CAB302-Assessment-1-0b0101\target\classes;C:\Users\elish\.m2\repository\org\openjfx\javafx-graphics\17.0.6\javafx-graphics-17.0.6-win.jar;C:\Users\elish\.m2\repository\org\openjfx\javafx-base\17.0.6\javafx-base-17.0.6-win.jar;C:\Users\elish\.m2\repository\org\openjfx\javafx-fxml\17.0.6\javafx-fxml-17.0.6-win.jar -Djdk.module.main=com.example.cab302assessment10b0101 com.example.cab302assessment10b0101/com.example.cab302assessment10b0101.LibraHomeApp

Host: AMD Ryzen 5 PRO 3500U w/ Radeon Vega Mobile Gfx, 8 cores, 13G,  Windows 11 , 64 bit Build 22621 (10.0.22621.3958)
Time: Mon Sep 16 20:49:43 2024 E. Australia Standard Time elapsed time: 84.244703 seconds (0d 0h 1m 24s)

---------------  T H R E A D  ---------------

Current thread (0x000001fe09c18a70):  VMThread "VM Thread" [stack: 0x0000007860d00000,0x0000007860e00000] [id=17484]

Stack: [0x0000007860d00000,0x0000007860e00000],  sp=0x0000007860dff260,  free space=1020k
Native frames: (J=compiled Java code, j=interpreted, Vv=VM code, C=native code)
C  [glass.dll+0x26b07]


siginfo: EXCEPTION_ACCESS_VIOLATION (0xc0000005), reading address 0x0000000000000000


Registers:
RAX=0x0000000000000000, RBX=0x000001fe09c2e2a0, RCX=0x000001fe09c18a70, RDX=0x0000007860dff260
RSP=0x0000007860dff260, RBP=0x000001fe4fc55148, RSI=0x0000007860dff368, RDI=0x000001fe4fc55120
R8 =0x0000000000010002, R9 =0x000001fe4fc55120, R10=0x85f13e9656da4870, R11=0x0000007860dff1f0
R12=0x00007ffe275643d4, R13=0x00007ffe28255fe0, R14=0x0000ce5a177414d3, R15=0x000001fe4fc55120
RIP=0x00007ffe27566b07, EFLAGS=0x0000000000010202


Register to memory mapping:

RIP=0x00007ffe27566b07 glass.dll
RAX=0x0 is NULL
RBX=0x000001fe09c2e2a0 is a global jni handle
RCX=0x000001fe09c18a70 points into unknown readable memory: 0x00007ffe28080bb8 | b8 0b 08 28 fe 7f 00 00
RDX=0x0000007860dff260 points into unknown readable memory: 0x0000000000000000 | 00 00 00 00 00 00 00 00
RSP=0x0000007860dff260 points into unknown readable memory: 0x0000000000000000 | 00 00 00 00 00 00 00 00
RBP=0x000001fe4fc55148 points into unknown readable memory: 0x0000ce5a177414d3 | d3 14 74 17 5a ce 00 00
RSI=0x0000007860dff368 points into unknown readable memory: 0x0000007860dff350 | 50 f3 df 60 78 00 00 00
RDI=0x000001fe4fc55120 points into unknown readable memory: 0xfff1f4ebe01414d0 | d0 14 14 e0 eb f4 f1 ff
R8 =0x0000000000010002 is an unknown value
R9 =0x000001fe4fc55120 points into unknown readable memory: 0xfff1f4ebe01414d0 | d0 14 14 e0 eb f4 f1 ff
R10=0x85f13e9656da4870 is an unknown value
R11=0x0000007860dff1f0 points into unknown readable memory: 0x000001fe4fc55120 | 20 51 c5 4f fe 01 00 00
R12=0x00007ffe275643d4 glass.dll
R13=0x00007ffe28255fe0 jvm.dll
R14=0x0000ce5a177414d3 is an unknown value
R15=0x000001fe4fc55120 points into unknown readable memory: 0xfff1f4ebe01414d0 | d0 14 14 e0 eb f4 f1 ff


Top of Stack: (sp=0x0000007860dff260)
0x0000007860dff260:   0000000000000000 0000007860dff368
0x0000007860dff270:   00007ffe28255fe0 00007ffe275643d4
0x0000007860dff280:   000001fe4fc55128 00007ffe4b843a93
0x0000007860dff290:   000001fe4fc55120 000001fe00000000
0x0000007860dff2a0:   000001fe4fc55148 0000007860dff368
0x0000007860dff2b0:   fffffffffffffffe 0000000000000000
0x0000007860dff2c0:   0000000000000001 00007ffe27540000
0x0000007860dff2d0:   0000007860dff358 00007ffe4b81042e
0x0000007860dff2e0:   0000000000000000 0000007860dff368
0x0000007860dff2f0:   0000007860dff650 0000000000000001
0x0000007860dff300:   0000000000000001 00007ffe4b80dddd
0x0000007860dff310:   0000000000000000 00007ffe27563bcd
0x0000007860dff320:   00007ffe28255fe0 0000007860dff358
0x0000007860dff330:   fffffffffffffffe 00007ffe4dcdfecd
0x0000007860dff340:   0000000000000000 00007ffe27564261
0x0000007860dff350:   00007ffe2757a138 00007ffe00000002
0x0000007860dff360:   000001fe00000002 0000007860dff350
0x0000007860dff370:   000001fe4fe49300 00007ffe4dcd8ae3
0x0000007860dff380:   0000000000000000 00007ffe27564386
0x0000007860dff390:   0000000000000001 00007ffe4a790000
0x0000007860dff3a0:   0000000000000001 00007ffe4a795277
0x0000007860dff3b0:   00007ffe4a790000 0000007860dff650
0x0000007860dff3c0:   0000000000000001 00007ffe4a790000
0x0000007860dff3d0:   00007ffe27540000 000000007ffe0384
0x0000007860dff3e0:   0000000000000000 00007ffe4dcd8b7f
0x0000007860dff3f0:   00007ffe27540000 0000000000000000
0x0000007860dff400:   0000000000000001 000000007ffe0385
0x0000007860dff410:   00007ffe4dde7940 0000000070c62010
0x0000007860dff420:   000021c51c963800 0000000070bc0000
0x0000007860dff430:   00007ffe275643d4 0000000000000000
0x0000007860dff440:   0000000000000000 00000078602eb000
0x0000007860dff450:   000001fe4fabac10 00007ffe4dd01586 

Instructions: (pc=0x00007ffe27566b07)
0x00007ffe27566a07:   8b 4d 58 e8 01 cf ff ff 48 8b 4d 60 e8 f8 ce ff
0x00007ffe27566a17:   ff 48 8b 95 80 00 00 00 48 8b 8d 18 01 00 00 e8
0x00007ffe27566a27:   c6 c3 ff ff 33 d2 33 c9 e8 3c e1 ff ff 90 48 89
0x00007ffe27566a37:   54 24 10 55 48 83 ec 20 48 8b ea 48 b8 00 00 00
0x00007ffe27566a47:   00 00 00 00 00 48 83 c4 20 5d c3 cc 40 55 48 8b
0x00007ffe27566a57:   ea 48 8b 01 33 c9 81 38 05 00 00 c0 0f 94 c1 8b
0x00007ffe27566a67:   c1 5d c3 cc 40 55 48 83 ec 20 48 8b ea 8a 4d 40
0x00007ffe27566a77:   48 83 c4 20 5d e9 f7 d2 ff ff cc 40 55 48 83 ec
0x00007ffe27566a87:   20 48 8b ea 8a 4d 20 e8 e5 d2 ff ff 90 48 83 c4
0x00007ffe27566a97:   20 5d c3 cc 40 55 48 83 ec 20 48 8b ea 48 83 c4
0x00007ffe27566aa7:   20 5d e9 46 d1 ff ff cc 40 55 48 83 ec 30 48 8b
0x00007ffe27566ab7:   ea 48 8b 01 8b 10 48 89 4c 24 28 89 54 24 20 4c
0x00007ffe27566ac7:   8d 0d e7 d5 ff ff 4c 8b 45 70 8b 55 68 48 8b 4d
0x00007ffe27566ad7:   60 e8 87 d0 ff ff 90 48 83 c4 30 5d c3 cc cc cc
0x00007ffe27566ae7:   cc cc cc cc cc cc cc cc cc 40 53 48 83 ec 20 48
0x00007ffe27566af7:   8b 1d 33 30 01 00 48 85 db 74 16 e8 09 8b ff ff
0x00007ffe27566b07:   4c 8b 00 48 8b d3 48 8b c8 41 ff 90 b0 00 00 00
0x00007ffe27566b17:   90 48 83 c4 20 5b c3 cc cc 40 53 48 83 ec 20 48
0x00007ffe27566b27:   8b 1d ab 31 01 00 48 85 db 74 57 b8 ff ff ff ff
0x00007ffe27566b37:   f0 0f c1 43 10 83 f8 01 75 3d 48 85 db 74 38 48
0x00007ffe27566b47:   8b 0b 48 85 c9 74 0d ff 15 54 07 00 00 48 c7 03
0x00007ffe27566b57:   00 00 00 00 48 8b 4b 08 48 85 c9 74 0d e8 a7 cd
0x00007ffe27566b67:   ff ff 48 c7 43 08 00 00 00 00 ba 18 00 00 00 48
0x00007ffe27566b77:   8b cb e8 92 cd ff ff 48 c7 05 4f 31 01 00 00 00
0x00007ffe27566b87:   00 00 48 83 c4 20 5b c3 cc 40 53 48 83 ec 20 48
0x00007ffe27566b97:   8b 1d 1b 31 01 00 48 85 db 74 57 b8 ff ff ff ff
0x00007ffe27566ba7:   f0 0f c1 43 10 83 f8 01 75 3d 48 85 db 74 38 48
0x00007ffe27566bb7:   8b 0b 48 85 c9 74 0d ff 15 e4 06 00 00 48 c7 03
0x00007ffe27566bc7:   00 00 00 00 48 8b 4b 08 48 85 c9 74 0d e8 37 cd
0x00007ffe27566bd7:   ff ff 48 c7 43 08 00 00 00 00 ba 18 00 00 00 48
0x00007ffe27566be7:   8b cb e8 22 cd ff ff 48 c7 05 bf 30 01 00 00 00
0x00007ffe27566bf7:   00 00 48 83 c4 20 5b c3 cc 40 53 48 83 ec 20 48 


Stack slot to memory mapping:
stack at sp + 0 slots: 0x0 is NULL
stack at sp + 1 slots: 0x0000007860dff368 points into unknown readable memory: 0x0000007860dff350 | 50 f3 df 60 78 00 00 00
stack at sp + 2 slots: 0x00007ffe28255fe0 jvm.dll
stack at sp + 3 slots: 0x00007ffe275643d4 glass.dll
stack at sp + 4 slots: 0x000001fe4fc55128 points into unknown readable memory: 0x0000ce5a177414d3 | d3 14 74 17 5a ce 00 00
stack at sp + 5 slots: 0x00007ffe4b843a93 ucrtbase.dll
stack at sp + 6 slots: 0x000001fe4fc55120 points into unknown readable memory: 0xfff1f4ebe01414d0 | d0 14 14 e0 eb f4 f1 ff
stack at sp + 7 slots: 0x000001fe00000000 points into unknown readable memory: 0x0000000000000000 | 00 00 00 00 00 00 00 00

VM_Operation (0x00000078604fede0): Exit, mode: safepoint, requested by thread 0x000001fe4fe139d0


---------------  P R O C E S S  ---------------

Threads class SMR info:
_java_thread_list=0x000001fe4f08cf10, length=21, elements={
0x000001fe67e9c7c0, 0x000001fe09c209b0, 0x000001fe09c21740, 0x000001fe09c321a0,
0x000001fe09c32c70, 0x000001fe09c35550, 0x000001fe09c35e20, 0x000001fe09c39fd0,
0x000001fe09c428f0, 0x000001fe09c48250, 0x000001fe4f0f1a80, 0x000001fe4f903e00,
0x000001fe4f3fe8c0, 0x000001fe4fabbcb0, 0x000001fe4fac2f20, 0x000001fe4fca0440,
0x000001fe4fd5d250, 0x000001fe4fdaaa20, 0x000001fe4fe134c0, 0x000001fe4fe12590,
0x000001fe4fe139d0
}

Java Threads: ( => current thread )
  0x000001fe67e9c7c0 JavaThread "main" [_thread_blocked, id=12024, stack(0x0000007860700000,0x0000007860800000)]
  0x000001fe09c209b0 JavaThread "Reference Handler" daemon [_thread_blocked, id=15672, stack(0x0000007860e00000,0x0000007860f00000)]
  0x000001fe09c21740 JavaThread "Finalizer" daemon [_thread_blocked, id=2720, stack(0x0000007860f00000,0x0000007861000000)]
  0x000001fe09c321a0 JavaThread "Signal Dispatcher" daemon [_thread_blocked, id=6756, stack(0x0000007861000000,0x0000007861100000)]
  0x000001fe09c32c70 JavaThread "Attach Listener" daemon [_thread_blocked, id=6628, stack(0x0000007861100000,0x0000007861200000)]
  0x000001fe09c35550 JavaThread "Service Thread" daemon [_thread_blocked, id=16760, stack(0x0000007861200000,0x0000007861300000)]
  0x000001fe09c35e20 JavaThread "Monitor Deflation Thread" daemon [_thread_blocked, id=19868, stack(0x0000007861300000,0x0000007861400000)]
  0x000001fe09c39fd0 JavaThread "C2 CompilerThread0" daemon [_thread_blocked, id=19720, stack(0x0000007861400000,0x0000007861500000)]
  0x000001fe09c428f0 JavaThread "C1 CompilerThread0" daemon [_thread_blocked, id=18004, stack(0x0000007861500000,0x0000007861600000)]
  0x000001fe09c48250 JavaThread "Sweeper thread" daemon [_thread_blocked, id=16620, stack(0x0000007861600000,0x0000007861700000)]
  0x000001fe4f0f1a80 JavaThread "Common-Cleaner" daemon [_thread_blocked, id=19684, stack(0x0000007861700000,0x0000007861800000)]
  0x000001fe4f903e00 JavaThread "Monitor Ctrl-Break" daemon [_thread_in_native, id=24444, stack(0x0000007861a00000,0x0000007861b00000)]
  0x000001fe4f3fe8c0 JavaThread "Notification Thread" daemon [_thread_blocked, id=24128, stack(0x0000007861b00000,0x0000007861c00000)]
  0x000001fe4fabbcb0 JavaThread "QuantumRenderer-0" daemon [_thread_blocked, id=14396, stack(0x0000007861d00000,0x0000007861e00000)]
  0x000001fe4fac2f20 JavaThread "InvokeLaterDispatcher" daemon [_thread_blocked, id=20404, stack(0x0000007861900000,0x0000007861a00000)]
  0x000001fe4fca0440 JavaThread "JavaFX Application Thread" [_thread_in_native, id=21632, stack(0x0000007862000000,0x0000007862100000)]
  0x000001fe4fd5d250 JavaThread "Thread-1" daemon [_thread_in_native, id=22572, stack(0x0000007862700000,0x0000007862800000)]
  0x000001fe4fdaaa20 JavaThread "JavaFX-Launcher" [_thread_blocked, id=16352, stack(0x0000007862800000,0x0000007862900000)]
  0x000001fe4fe134c0 JavaThread "Prism Font Disposer" daemon [_thread_blocked, id=21348, stack(0x0000007862e00000,0x0000007862f00000)]
  0x000001fe4fe12590 JavaThread "Cleaner-0" daemon [_thread_blocked, id=23020, stack(0x0000007863500000,0x0000007863600000)]
  0x000001fe4fe139d0 JavaThread "SIGINT handler" daemon [_thread_blocked, id=21924, stack(0x0000007860400000,0x0000007860500000)]

Other Threads:
=>0x000001fe09c18a70 VMThread "VM Thread" [stack: 0x0000007860d00000,0x0000007860e00000] [id=17484]
  0x000001fe67efe500 GCTaskThread "GC Thread#0" [stack: 0x0000007860800000,0x0000007860900000] [id=23960]
  0x000001fe4fdd2410 GCTaskThread "GC Thread#1" [stack: 0x0000007862900000,0x0000007862a00000] [id=14368]
  0x000001fe4fdd26d0 GCTaskThread "GC Thread#2" [stack: 0x0000007862a00000,0x0000007862b00000] [id=21184]
  0x000001fe4fe39440 GCTaskThread "GC Thread#3" [stack: 0x0000007862b00000,0x0000007862c00000] [id=21576]
  0x000001fe4fe39700 GCTaskThread "GC Thread#4" [stack: 0x0000007862c00000,0x0000007862d00000] [id=8228]
  0x000001fe4fe399c0 GCTaskThread "GC Thread#5" [stack: 0x0000007862d00000,0x0000007862e00000] [id=3928]
  0x000001fe50985460 GCTaskThread "GC Thread#6" [stack: 0x0000007862f00000,0x0000007863000000] [id=24368]
  0x000001fe57788a10 GCTaskThread "GC Thread#7" [stack: 0x0000007863100000,0x0000007863200000] [id=12956]
  0x000001fe65d9d740 ConcurrentGCThread "G1 Main Marker" terminated
  0x000001fe65d9e160 ConcurrentGCThread "G1 Conc#0" [stack: 0x0000007860a00000,0x0000007860b00000] [id=23304]
  0x000001fe67f4eb70 ConcurrentGCThread "G1 Refine#0" terminated
  0x000001fe5039f5c0 ConcurrentGCThread "G1 Refine#1" terminated
  0x000001fe09ad4730 ConcurrentGCThread "G1 Service" terminated

Threads with active compile tasks:

VM state: at safepoint (shutting down)

VM Mutex/Monitor currently owned by a thread:  ([mutex/lock_event])
[0x000001fe67e982f0] Threads_lock - owner thread: 0x000001fe09c18a70
[0x000001fe67e98530] Heap_lock - owner thread: 0x000001fe4fe139d0

Heap address: 0x0000000721e00000, size: 3554 MB, Compressed Oops mode: Zero based, Oop shift amount: 3

CDS archive(s) mapped at: [0x000001fe0a000000-0x000001fe0abb0000-0x000001fe0abb0000), size 12255232, SharedBaseAddress: 0x000001fe0a000000, ArchiveRelocationMode: 1.
Compressed class space mapped at: 0x000001fe0b000000-0x000001fe4b000000, reserved size: 1073741824
Narrow klass base: 0x000001fe0a000000, Narrow klass shift: 0, Narrow klass range: 0x100000000

GC Precious Log:
 CPUs: 8 total, 8 available
 Memory: 14214M
 Large Page Support: Disabled
 NUMA Support: Disabled
 Compressed Oops: Enabled (Zero based)
 Heap Region Size: 2M
 Heap Min Capacity: 8M
 Heap Initial Capacity: 224M
 Heap Max Capacity: 3554M
 Pre-touch: Disabled
 Parallel Workers: 8
 Concurrent Workers: 2
 Concurrent Refinement Workers: 8
 Periodic GC: Disabled

Heap:
 garbage-first heap   total 229376K, used 22245K [0x0000000721e00000, 0x0000000800000000)
  region size 2048K, 10 young (20480K), 3 survivors (6144K)
 Metaspace       used 16754K, committed 16960K, reserved 1114112K
  class space    used 2315K, committed 2432K, reserved 1048576K

Heap Regions: E=young(eden), S=young(survivor), O=old, HS=humongous(starts), HC=humongous(continues), CS=collection set, F=free, OA=open archive, CA=closed archive, TAMS=top-at-mark-start (previous, next)
|   0|0x0000000721e00000, 0x0000000721fb9600, 0x0000000722000000| 86%| O|  |TAMS 0x0000000721e00000, 0x0000000721e00000| Untracked 
|   1|0x0000000722000000, 0x0000000722200000, 0x0000000722200000|100%|HS|  |TAMS 0x0000000722000000, 0x0000000722000000| Complete 
|   2|0x0000000722200000, 0x0000000722200000, 0x0000000722400000|  0%| F|  |TAMS 0x0000000722200000, 0x0000000722200000| Untracked 
|   3|0x0000000722400000, 0x0000000722400000, 0x0000000722600000|  0%| F|  |TAMS 0x0000000722400000, 0x0000000722400000| Untracked 
|   4|0x0000000722600000, 0x0000000722600000, 0x0000000722800000|  0%| F|  |TAMS 0x0000000722600000, 0x0000000722600000| Untracked 
|   5|0x0000000722800000, 0x0000000722800000, 0x0000000722a00000|  0%| F|  |TAMS 0x0000000722800000, 0x0000000722800000| Untracked 
|   6|0x0000000722a00000, 0x0000000722a00000, 0x0000000722c00000|  0%| F|  |TAMS 0x0000000722a00000, 0x0000000722a00000| Untracked 
|   7|0x0000000722c00000, 0x0000000722c00000, 0x0000000722e00000|  0%| F|  |TAMS 0x0000000722c00000, 0x0000000722c00000| Untracked 
|   8|0x0000000722e00000, 0x0000000722e00000, 0x0000000723000000|  0%| F|  |TAMS 0x0000000722e00000, 0x0000000722e00000| Untracked 
|   9|0x0000000723000000, 0x0000000723000000, 0x0000000723200000|  0%| F|  |TAMS 0x0000000723000000, 0x0000000723000000| Untracked 
|  10|0x0000000723200000, 0x0000000723200000, 0x0000000723400000|  0%| F|  |TAMS 0x0000000723200000, 0x0000000723200000| Untracked 
|  11|0x0000000723400000, 0x0000000723400000, 0x0000000723600000|  0%| F|  |TAMS 0x0000000723400000, 0x0000000723400000| Untracked 
|  12|0x0000000723600000, 0x0000000723600000, 0x0000000723800000|  0%| F|  |TAMS 0x0000000723600000, 0x0000000723600000| Untracked 
|  13|0x0000000723800000, 0x0000000723800000, 0x0000000723a00000|  0%| F|  |TAMS 0x0000000723800000, 0x0000000723800000| Untracked 
|  14|0x0000000723a00000, 0x0000000723a00000, 0x0000000723c00000|  0%| F|  |TAMS 0x0000000723a00000, 0x0000000723a00000| Untracked 
|  15|0x0000000723c00000, 0x0000000723c00000, 0x0000000723e00000|  0%| F|  |TAMS 0x0000000723c00000, 0x0000000723c00000| Untracked 
|  16|0x0000000723e00000, 0x0000000723e00000, 0x0000000724000000|  0%| F|  |TAMS 0x0000000723e00000, 0x0000000723e00000| Untracked 
|  17|0x0000000724000000, 0x0000000724000000, 0x0000000724200000|  0%| F|  |TAMS 0x0000000724000000, 0x0000000724000000| Untracked 
|  18|0x0000000724200000, 0x0000000724200000, 0x0000000724400000|  0%| F|  |TAMS 0x0000000724200000, 0x0000000724200000| Untracked 
|  19|0x0000000724400000, 0x0000000724400000, 0x0000000724600000|  0%| F|  |TAMS 0x0000000724400000, 0x0000000724400000| Untracked 
|  20|0x0000000724600000, 0x0000000724600000, 0x0000000724800000|  0%| F|  |TAMS 0x0000000724600000, 0x0000000724600000| Untracked 
|  21|0x0000000724800000, 0x0000000724800000, 0x0000000724a00000|  0%| F|  |TAMS 0x0000000724800000, 0x0000000724800000| Untracked 
|  22|0x0000000724a00000, 0x0000000724a00000, 0x0000000724c00000|  0%| F|  |TAMS 0x0000000724a00000, 0x0000000724a00000| Untracked 
|  23|0x0000000724c00000, 0x0000000724c00000, 0x0000000724e00000|  0%| F|  |TAMS 0x0000000724c00000, 0x0000000724c00000| Untracked 
|  24|0x0000000724e00000, 0x0000000724e00000, 0x0000000725000000|  0%| F|  |TAMS 0x0000000724e00000, 0x0000000724e00000| Untracked 
|  25|0x0000000725000000, 0x0000000725000000, 0x0000000725200000|  0%| F|  |TAMS 0x0000000725000000, 0x0000000725000000| Untracked 
|  26|0x0000000725200000, 0x0000000725200000, 0x0000000725400000|  0%| F|  |TAMS 0x0000000725200000, 0x0000000725200000| Untracked 
|  27|0x0000000725400000, 0x0000000725400000, 0x0000000725600000|  0%| F|  |TAMS 0x0000000725400000, 0x0000000725400000| Untracked 
|  28|0x0000000725600000, 0x0000000725600000, 0x0000000725800000|  0%| F|  |TAMS 0x0000000725600000, 0x0000000725600000| Untracked 
|  29|0x0000000725800000, 0x0000000725800000, 0x0000000725a00000|  0%| F|  |TAMS 0x0000000725800000, 0x0000000725800000| Untracked 
|  30|0x0000000725a00000, 0x0000000725a00000, 0x0000000725c00000|  0%| F|  |TAMS 0x0000000725a00000, 0x0000000725a00000| Untracked 
|  31|0x0000000725c00000, 0x0000000725c00000, 0x0000000725e00000|  0%| F|  |TAMS 0x0000000725c00000, 0x0000000725c00000| Untracked 
|  32|0x0000000725e00000, 0x0000000725e00000, 0x0000000726000000|  0%| F|  |TAMS 0x0000000725e00000, 0x0000000725e00000| Untracked 
|  33|0x0000000726000000, 0x0000000726000000, 0x0000000726200000|  0%| F|  |TAMS 0x0000000726000000, 0x0000000726000000| Untracked 
|  34|0x0000000726200000, 0x0000000726200000, 0x0000000726400000|  0%| F|  |TAMS 0x0000000726200000, 0x0000000726200000| Untracked 
|  35|0x0000000726400000, 0x0000000726400000, 0x0000000726600000|  0%| F|  |TAMS 0x0000000726400000, 0x0000000726400000| Untracked 
|  36|0x0000000726600000, 0x0000000726600000, 0x0000000726800000|  0%| F|  |TAMS 0x0000000726600000, 0x0000000726600000| Untracked 
|  37|0x0000000726800000, 0x0000000726800000, 0x0000000726a00000|  0%| F|  |TAMS 0x0000000726800000, 0x0000000726800000| Untracked 
|  38|0x0000000726a00000, 0x0000000726a00000, 0x0000000726c00000|  0%| F|  |TAMS 0x0000000726a00000, 0x0000000726a00000| Untracked 
|  39|0x0000000726c00000, 0x0000000726c00000, 0x0000000726e00000|  0%| F|  |TAMS 0x0000000726c00000, 0x0000000726c00000| Untracked 
|  40|0x0000000726e00000, 0x0000000726e00000, 0x0000000727000000|  0%| F|  |TAMS 0x0000000726e00000, 0x0000000726e00000| Untracked 
|  41|0x0000000727000000, 0x0000000727000000, 0x0000000727200000|  0%| F|  |TAMS 0x0000000727000000, 0x0000000727000000| Untracked 
|  42|0x0000000727200000, 0x0000000727200000, 0x0000000727400000|  0%| F|  |TAMS 0x0000000727200000, 0x0000000727200000| Untracked 
|  43|0x0000000727400000, 0x0000000727400000, 0x0000000727600000|  0%| F|  |TAMS 0x0000000727400000, 0x0000000727400000| Untracked 
|  44|0x0000000727600000, 0x0000000727600000, 0x0000000727800000|  0%| F|  |TAMS 0x0000000727600000, 0x0000000727600000| Untracked 
|  45|0x0000000727800000, 0x0000000727800000, 0x0000000727a00000|  0%| F|  |TAMS 0x0000000727800000, 0x0000000727800000| Untracked 
|  46|0x0000000727a00000, 0x0000000727a00000, 0x0000000727c00000|  0%| F|  |TAMS 0x0000000727a00000, 0x0000000727a00000| Untracked 
|  47|0x0000000727c00000, 0x0000000727c00000, 0x0000000727e00000|  0%| F|  |TAMS 0x0000000727c00000, 0x0000000727c00000| Untracked 
|  48|0x0000000727e00000, 0x0000000727e00000, 0x0000000728000000|  0%| F|  |TAMS 0x0000000727e00000, 0x0000000727e00000| Untracked 
|  49|0x0000000728000000, 0x0000000728000000, 0x0000000728200000|  0%| F|  |TAMS 0x0000000728000000, 0x0000000728000000| Untracked 
|  50|0x0000000728200000, 0x0000000728200000, 0x0000000728400000|  0%| F|  |TAMS 0x0000000728200000, 0x0000000728200000| Untracked 
|  51|0x0000000728400000, 0x0000000728400000, 0x0000000728600000|  0%| F|  |TAMS 0x0000000728400000, 0x0000000728400000| Untracked 
|  52|0x0000000728600000, 0x0000000728600000, 0x0000000728800000|  0%| F|  |TAMS 0x0000000728600000, 0x0000000728600000| Untracked 
|  53|0x0000000728800000, 0x0000000728800000, 0x0000000728a00000|  0%| F|  |TAMS 0x0000000728800000, 0x0000000728800000| Untracked 
|  54|0x0000000728a00000, 0x0000000728a00000, 0x0000000728c00000|  0%| F|  |TAMS 0x0000000728a00000, 0x0000000728a00000| Untracked 
|  55|0x0000000728c00000, 0x0000000728c00000, 0x0000000728e00000|  0%| F|  |TAMS 0x0000000728c00000, 0x0000000728c00000| Untracked 
|  56|0x0000000728e00000, 0x0000000728e00000, 0x0000000729000000|  0%| F|  |TAMS 0x0000000728e00000, 0x0000000728e00000| Untracked 
|  57|0x0000000729000000, 0x0000000729000000, 0x0000000729200000|  0%| F|  |TAMS 0x0000000729000000, 0x0000000729000000| Untracked 
|  58|0x0000000729200000, 0x0000000729200000, 0x0000000729400000|  0%| F|  |TAMS 0x0000000729200000, 0x0000000729200000| Untracked 
|  59|0x0000000729400000, 0x0000000729400000, 0x0000000729600000|  0%| F|  |TAMS 0x0000000729400000, 0x0000000729400000| Untracked 
|  60|0x0000000729600000, 0x0000000729600000, 0x0000000729800000|  0%| F|  |TAMS 0x0000000729600000, 0x0000000729600000| Untracked 
|  61|0x0000000729800000, 0x0000000729800000, 0x0000000729a00000|  0%| F|  |TAMS 0x0000000729800000, 0x0000000729800000| Untracked 
|  62|0x0000000729a00000, 0x0000000729a00000, 0x0000000729c00000|  0%| F|  |TAMS 0x0000000729a00000, 0x0000000729a00000| Untracked 
|  63|0x0000000729c00000, 0x0000000729c00000, 0x0000000729e00000|  0%| F|  |TAMS 0x0000000729c00000, 0x0000000729c00000| Untracked 
|  64|0x0000000729e00000, 0x0000000729e00000, 0x000000072a000000|  0%| F|  |TAMS 0x0000000729e00000, 0x0000000729e00000| Untracked 
|  65|0x000000072a000000, 0x000000072a000000, 0x000000072a200000|  0%| F|  |TAMS 0x000000072a000000, 0x000000072a000000| Untracked 
|  66|0x000000072a200000, 0x000000072a200000, 0x000000072a400000|  0%| F|  |TAMS 0x000000072a200000, 0x000000072a200000| Untracked 
|  67|0x000000072a400000, 0x000000072a400000, 0x000000072a600000|  0%| F|  |TAMS 0x000000072a400000, 0x000000072a400000| Untracked 
|  68|0x000000072a600000, 0x000000072a600000, 0x000000072a800000|  0%| F|  |TAMS 0x000000072a600000, 0x000000072a600000| Untracked 
|  69|0x000000072a800000, 0x000000072a800000, 0x000000072aa00000|  0%| F|  |TAMS 0x000000072a800000, 0x000000072a800000| Untracked 
|  70|0x000000072aa00000, 0x000000072aa00000, 0x000000072ac00000|  0%| F|  |TAMS 0x000000072aa00000, 0x000000072aa00000| Untracked 
|  71|0x000000072ac00000, 0x000000072ac00000, 0x000000072ae00000|  0%| F|  |TAMS 0x000000072ac00000, 0x000000072ac00000| Untracked 
|  72|0x000000072ae00000, 0x000000072ae00000, 0x000000072b000000|  0%| F|  |TAMS 0x000000072ae00000, 0x000000072ae00000| Untracked 
|  73|0x000000072b000000, 0x000000072b000000, 0x000000072b200000|  0%| F|  |TAMS 0x000000072b000000, 0x000000072b000000| Untracked 
|  74|0x000000072b200000, 0x000000072b200000, 0x000000072b400000|  0%| F|  |TAMS 0x000000072b200000, 0x000000072b200000| Untracked 
|  75|0x000000072b400000, 0x000000072b400000, 0x000000072b600000|  0%| F|  |TAMS 0x000000072b400000, 0x000000072b400000| Untracked 
|  76|0x000000072b600000, 0x000000072b600000, 0x000000072b800000|  0%| F|  |TAMS 0x000000072b600000, 0x000000072b600000| Untracked 
|  77|0x000000072b800000, 0x000000072b800000, 0x000000072ba00000|  0%| F|  |TAMS 0x000000072b800000, 0x000000072b800000| Untracked 
|  78|0x000000072ba00000, 0x000000072ba00000, 0x000000072bc00000|  0%| F|  |TAMS 0x000000072ba00000, 0x000000072ba00000| Untracked 
|  79|0x000000072bc00000, 0x000000072bc00000, 0x000000072be00000|  0%| F|  |TAMS 0x000000072bc00000, 0x000000072bc00000| Untracked 
|  80|0x000000072be00000, 0x000000072be00000, 0x000000072c000000|  0%| F|  |TAMS 0x000000072be00000, 0x000000072be00000| Untracked 
|  81|0x000000072c000000, 0x000000072c000000, 0x000000072c200000|  0%| F|  |TAMS 0x000000072c000000, 0x000000072c000000| Untracked 
|  82|0x000000072c200000, 0x000000072c200000, 0x000000072c400000|  0%| F|  |TAMS 0x000000072c200000, 0x000000072c200000| Untracked 
|  83|0x000000072c400000, 0x000000072c400000, 0x000000072c600000|  0%| F|  |TAMS 0x000000072c400000, 0x000000072c400000| Untracked 
|  84|0x000000072c600000, 0x000000072c600000, 0x000000072c800000|  0%| F|  |TAMS 0x000000072c600000, 0x000000072c600000| Untracked 
|  85|0x000000072c800000, 0x000000072c800000, 0x000000072ca00000|  0%| F|  |TAMS 0x000000072c800000, 0x000000072c800000| Untracked 
|  86|0x000000072ca00000, 0x000000072ca00000, 0x000000072cc00000|  0%| F|  |TAMS 0x000000072ca00000, 0x000000072ca00000| Untracked 
|  87|0x000000072cc00000, 0x000000072cc00000, 0x000000072ce00000|  0%| F|  |TAMS 0x000000072cc00000, 0x000000072cc00000| Untracked 
|  88|0x000000072ce00000, 0x000000072ce00000, 0x000000072d000000|  0%| F|  |TAMS 0x000000072ce00000, 0x000000072ce00000| Untracked 
|  89|0x000000072d000000, 0x000000072d200000, 0x000000072d200000|100%| S|CS|TAMS 0x000000072d000000, 0x000000072d000000| Complete 
|  90|0x000000072d200000, 0x000000072d400000, 0x000000072d400000|100%| S|CS|TAMS 0x000000072d200000, 0x000000072d200000| Complete 
|  91|0x000000072d400000, 0x000000072d600000, 0x000000072d600000|100%| S|CS|TAMS 0x000000072d400000, 0x000000072d400000| Complete 
|  92|0x000000072d600000, 0x000000072d600000, 0x000000072d800000|  0%| F|  |TAMS 0x000000072d600000, 0x000000072d600000| Untracked 
|  93|0x000000072d800000, 0x000000072d800000, 0x000000072da00000|  0%| F|  |TAMS 0x000000072d800000, 0x000000072d800000| Untracked 
|  94|0x000000072da00000, 0x000000072da00000, 0x000000072dc00000|  0%| F|  |TAMS 0x000000072da00000, 0x000000072da00000| Untracked 
|  95|0x000000072dc00000, 0x000000072dc00000, 0x000000072de00000|  0%| F|  |TAMS 0x000000072dc00000, 0x000000072dc00000| Untracked 
|  96|0x000000072de00000, 0x000000072de00000, 0x000000072e000000|  0%| F|  |TAMS 0x000000072de00000, 0x000000072de00000| Untracked 
|  97|0x000000072e000000, 0x000000072e000000, 0x000000072e200000|  0%| F|  |TAMS 0x000000072e000000, 0x000000072e000000| Untracked 
|  98|0x000000072e200000, 0x000000072e200000, 0x000000072e400000|  0%| F|  |TAMS 0x000000072e200000, 0x000000072e200000| Untracked 
|  99|0x000000072e400000, 0x000000072e400000, 0x000000072e600000|  0%| F|  |TAMS 0x000000072e400000, 0x000000072e400000| Untracked 
| 100|0x000000072e600000, 0x000000072e600000, 0x000000072e800000|  0%| F|  |TAMS 0x000000072e600000, 0x000000072e600000| Untracked 
| 101|0x000000072e800000, 0x000000072e800000, 0x000000072ea00000|  0%| F|  |TAMS 0x000000072e800000, 0x000000072e800000| Untracked 
| 102|0x000000072ea00000, 0x000000072ea00000, 0x000000072ec00000|  0%| F|  |TAMS 0x000000072ea00000, 0x000000072ea00000| Untracked 
| 103|0x000000072ec00000, 0x000000072ec00000, 0x000000072ee00000|  0%| F|  |TAMS 0x000000072ec00000, 0x000000072ec00000| Untracked 
| 104|0x000000072ee00000, 0x000000072ee00000, 0x000000072f000000|  0%| F|  |TAMS 0x000000072ee00000, 0x000000072ee00000| Untracked 
| 105|0x000000072f000000, 0x000000072f080a60, 0x000000072f200000| 25%| E|  |TAMS 0x000000072f000000, 0x000000072f000000| Complete 
| 106|0x000000072f200000, 0x000000072f400000, 0x000000072f400000|100%| E|CS|TAMS 0x000000072f200000, 0x000000072f200000| Complete 
| 107|0x000000072f400000, 0x000000072f600000, 0x000000072f600000|100%| E|CS|TAMS 0x000000072f400000, 0x000000072f400000| Complete 
| 108|0x000000072f600000, 0x000000072f800000, 0x000000072f800000|100%| E|CS|TAMS 0x000000072f600000, 0x000000072f600000| Complete 
| 109|0x000000072f800000, 0x000000072fa00000, 0x000000072fa00000|100%| E|CS|TAMS 0x000000072f800000, 0x000000072f800000| Complete 
| 110|0x000000072fa00000, 0x000000072fc00000, 0x000000072fc00000|100%| E|CS|TAMS 0x000000072fa00000, 0x000000072fa00000| Complete 
| 111|0x000000072fc00000, 0x000000072fe00000, 0x000000072fe00000|100%| E|CS|TAMS 0x000000072fc00000, 0x000000072fc00000| Complete 

Card table byte_map: [0x000001fe7f3f0000,0x000001fe7faf0000] _byte_map_base: 0x000001fe7bae1000

Marking Bits (Prev, Next): (CMBitMap*) 0x000001fe67efeb20, (CMBitMap*) 0x000001fe67efeb60
 Prev Bits: [0x000001fe00700000, 0x000001fe03e88000)
 Next Bits: [0x000001fe03e90000, 0x000001fe07618000)

Polling page: 0x000001fe65c90000

Metaspace:

Usage:
  Non-class:     14.10 MB used.
      Class:      2.26 MB used.
       Both:     16.36 MB used.

Virtual space:
  Non-class space:       64.00 MB reserved,      14.19 MB ( 22%) committed,  1 nodes.
      Class space:        1.00 GB reserved,       2.38 MB ( <1%) committed,  1 nodes.
             Both:        1.06 GB reserved,      16.56 MB (  2%) committed. 

Chunk freelists:
   Non-Class:  1.44 MB
       Class:  13.63 MB
        Both:  15.07 MB

MaxMetaspaceSize: unlimited
CompressedClassSpaceSize: 1.00 GB
Initial GC threshold: 21.00 MB
Current GC threshold: 21.00 MB
CDS: on
MetaspaceReclaimPolicy: balanced
 - commit_granule_bytes: 65536.
 - commit_granule_words: 8192.
 - virtual_space_node_default_size: 8388608.
 - enlarge_chunks_in_place: 1.
 - new_chunks_are_fully_committed: 0.
 - uncommit_free_chunks: 1.
 - use_allocation_guard: 0.
 - handle_deallocations: 1.


Internal statistics:

num_allocs_failed_limit: 0.
num_arena_births: 230.
num_arena_deaths: 0.
num_vsnodes_births: 2.
num_vsnodes_deaths: 0.
num_space_committed: 265.
num_space_uncommitted: 0.
num_chunks_returned_to_freelist: 0.
num_chunks_taken_from_freelist: 759.
num_chunk_merges: 0.
num_chunk_splits: 520.
num_chunks_enlarged: 401.
num_inconsistent_stats: 0.

CodeHeap 'non-profiled nmethods': size=120000Kb used=1235Kb max_used=1235Kb free=118764Kb
 bounds [0x000001fe77490000, 0x000001fe77700000, 0x000001fe7e9c0000]
CodeHeap 'profiled nmethods': size=120000Kb used=5532Kb max_used=5532Kb free=114467Kb
 bounds [0x000001fe6f9c0000, 0x000001fe6ff30000, 0x000001fe76ef0000]
CodeHeap 'non-nmethods': size=5760Kb used=1427Kb max_used=1465Kb free=4332Kb
 bounds [0x000001fe76ef0000, 0x000001fe77160000, 0x000001fe77490000]
 total_blobs=3704 nmethods=2916 adapters=700
 compilation: enabled
              stopped_count=0, restarted_count=0
 full_count=0

Compilation events (20 events):
Event: 10.292 Thread 0x000001fe09c428f0 2907       3       com.sun.javafx.geom.transform.AffineBase::deltaTransform (204 bytes)
Event: 10.293 Thread 0x000001fe09c428f0 nmethod 2907 0x000001fe6ff1f910 code [0x000001fe6ff1fb00, 0x000001fe6ff20128]
Event: 10.293 Thread 0x000001fe09c428f0 2908       3       com.sun.javafx.geom.Vec3d::normalize (38 bytes)
Event: 10.293 Thread 0x000001fe09c428f0 nmethod 2908 0x000001fe6ff20390 code [0x000001fe6ff20560, 0x000001fe6ff206e8]
Event: 10.293 Thread 0x000001fe09c428f0 2909       3       com.sun.javafx.scene.input.PickResultChooser::toPickResult (41 bytes)
Event: 10.293 Thread 0x000001fe09c428f0 nmethod 2909 0x000001fe6ff20790 code [0x000001fe6ff20940, 0x000001fe6ff20ba8]
Event: 11.964 Thread 0x000001fe09c428f0 2910       3       javafx.scene.Scene$MouseHandler::updateCursor (36 bytes)
Event: 11.965 Thread 0x000001fe09c428f0 nmethod 2910 0x000001fe6ff20c90 code [0x000001fe6ff20e40, 0x000001fe6ff21238]
Event: 11.971 Thread 0x000001fe09c428f0 2911       3       javafx.scene.Scene$MouseHandler::process (793 bytes)
Event: 11.975 Thread 0x000001fe09c428f0 nmethod 2911 0x000001fe6ff21390 code [0x000001fe6ff21980, 0x000001fe6ff25238]
Event: 11.986 Thread 0x000001fe09c428f0 2912       3       javafx.event.Event::consume (6 bytes)
Event: 11.986 Thread 0x000001fe09c428f0 nmethod 2912 0x000001fe6ff26110 code [0x000001fe6ff262a0, 0x000001fe6ff263b8]
Event: 12.001 Thread 0x000001fe09c39fd0 2913       4       com.sun.javafx.geom.RectBounds::isEmpty (30 bytes)
Event: 12.001 Thread 0x000001fe09c39fd0 nmethod 2913 0x000001fe775c4a90 code [0x000001fe775c4c00, 0x000001fe775c4cd8]
Event: 12.069 Thread 0x000001fe09c428f0 2914       3       com.sun.javafx.tk.quantum.ViewScene::getWindowStage (8 bytes)
Event: 12.069 Thread 0x000001fe09c428f0 nmethod 2914 0x000001fe6ff26490 code [0x000001fe6ff26620, 0x000001fe6ff26838]
Event: 83.721 Thread 0x000001fe09c428f0 2915       3       java.util.concurrent.ConcurrentHashMap::remove (8 bytes)
Event: 83.721 Thread 0x000001fe09c428f0 nmethod 2915 0x000001fe6ff26910 code [0x000001fe6ff26ac0, 0x000001fe6ff26c08]
Event: 83.721 Thread 0x000001fe09c428f0 2916       3       java.util.LinkedList$ListItr::hasNext (20 bytes)
Event: 83.721 Thread 0x000001fe09c428f0 nmethod 2916 0x000001fe6ff26c90 code [0x000001fe6ff26e20, 0x000001fe6ff26f98]

GC Heap History (4 events):
Event: 0.853 GC heap before
{Heap before GC invocations=0 (full 0):
 garbage-first heap   total 229376K, used 22528K [0x0000000721e00000, 0x0000000800000000)
  region size 2048K, 11 young (22528K), 0 survivors (0K)
 Metaspace       used 5397K, committed 5568K, reserved 1114112K
  class space    used 622K, committed 704K, reserved 1048576K
}
Event: 0.856 GC heap after
{Heap after GC invocations=1 (full 0):
 garbage-first heap   total 229376K, used 2858K [0x0000000721e00000, 0x0000000800000000)
  region size 2048K, 2 young (4096K), 2 survivors (4096K)
 Metaspace       used 5397K, committed 5568K, reserved 1114112K
  class space    used 622K, committed 704K, reserved 1048576K
}
Event: 2.029 GC heap before
{Heap before GC invocations=1 (full 0):
 garbage-first heap   total 229376K, used 39722K [0x0000000721e00000, 0x0000000800000000)
  region size 2048K, 20 young (40960K), 2 survivors (4096K)
 Metaspace       used 14755K, committed 14976K, reserved 1114112K
  class space    used 2129K, committed 2240K, reserved 1048576K
}
Event: 2.037 GC heap after
{Heap after GC invocations=2 (full 0):
 garbage-first heap   total 229376K, used 7909K [0x0000000721e00000, 0x0000000800000000)
  region size 2048K, 3 young (6144K), 3 survivors (6144K)
 Metaspace       used 14755K, committed 14976K, reserved 1114112K
  class space    used 2129K, committed 2240K, reserved 1048576K
}

Dll operation events (20 events):
Event: 0.509 Loaded shared library C:\Users\elish\.openjfx\cache\17.0.6\api-ms-win-crt-math-l1-1-0.dll
Event: 0.512 Loaded shared library C:\Users\elish\.openjfx\cache\17.0.6\api-ms-win-crt-multibyte-l1-1-0.dll
Event: 0.516 Loaded shared library C:\Users\elish\.openjfx\cache\17.0.6\api-ms-win-crt-private-l1-1-0.dll
Event: 0.521 Loaded shared library C:\Users\elish\.openjfx\cache\17.0.6\api-ms-win-crt-process-l1-1-0.dll
Event: 0.525 Loaded shared library C:\Users\elish\.openjfx\cache\17.0.6\api-ms-win-crt-runtime-l1-1-0.dll
Event: 0.528 Loaded shared library C:\Users\elish\.openjfx\cache\17.0.6\api-ms-win-crt-stdio-l1-1-0.dll
Event: 0.532 Loaded shared library C:\Users\elish\.openjfx\cache\17.0.6\api-ms-win-crt-string-l1-1-0.dll
Event: 0.535 Loaded shared library C:\Users\elish\.openjfx\cache\17.0.6\api-ms-win-crt-time-l1-1-0.dll
Event: 0.539 Loaded shared library C:\Users\elish\.openjfx\cache\17.0.6\api-ms-win-crt-utility-l1-1-0.dll
Event: 0.555 Loaded shared library C:\Users\elish\.openjfx\cache\17.0.6\ucrtbase.dll
Event: 0.559 Loaded shared library C:\Users\elish\.openjfx\cache\17.0.6\vcruntime140.dll
Event: 0.563 Loaded shared library C:\Users\elish\.openjfx\cache\17.0.6\vcruntime140_1.dll
Event: 0.571 Loaded shared library C:\Users\elish\.openjfx\cache\17.0.6\msvcp140.dll
Event: 0.574 Loaded shared library C:\Users\elish\.openjfx\cache\17.0.6\msvcp140_1.dll
Event: 0.579 Loaded shared library C:\Users\elish\.openjfx\cache\17.0.6\msvcp140_2.dll
Event: 0.627 Loaded shared library C:\Users\elish\.openjfx\cache\17.0.6\prism_d3d.dll
Event: 0.688 Loaded shared library C:\Users\elish\.openjfx\cache\17.0.6\glass.dll
Event: 0.825 Loaded shared library C:\Users\elish\.jdks\corretto-17.0.12\bin\jimage.dll
Event: 1.190 Loaded shared library C:\Users\elish\AppData\Local\Temp\sqlite-3.36.0.3-bec55246-4b90-425a-9163-5a1c4ed2a952-sqlitejdbc.dll
Event: 1.347 Loaded shared library C:\Users\elish\.openjfx\cache\17.0.6\javafx_font.dll

Deoptimization events (20 events):
Event: 6.893 Thread 0x000001fe4fabbcb0 DEOPT PACKING pc=0x000001fe6fd6eb38 sp=0x0000007861dfdd50
Event: 6.893 Thread 0x000001fe4fabbcb0 DEOPT UNPACKING pc=0x000001fe76f47143 sp=0x0000007861dfd108 mode 0
Event: 6.894 Thread 0x000001fe4fabbcb0 Uncommon trap: trap_request=0xffffffbe fr.pc=0x000001fe775a3708 relative=0x00000000000031e8
Event: 6.894 Thread 0x000001fe4fabbcb0 Uncommon trap: reason=profile_predicate action=maybe_recompile pc=0x000001fe775a3708 method=com.sun.marlin.Renderer._endRendering(IILcom/sun/marlin/MarlinAlphaConsumer;)V @ 238 c2
Event: 6.894 Thread 0x000001fe4fabbcb0 DEOPT PACKING pc=0x000001fe775a3708 sp=0x0000007861dfdff0
Event: 6.894 Thread 0x000001fe4fabbcb0 DEOPT UNPACKING pc=0x000001fe76f469a3 sp=0x0000007861dfde88 mode 2
Event: 6.899 Thread 0x000001fe4fabbcb0 Uncommon trap: trap_request=0xffffff45 fr.pc=0x000001fe775794c0 relative=0x0000000000000a00
Event: 6.899 Thread 0x000001fe4fabbcb0 Uncommon trap: reason=unstable_if action=reinterpret pc=0x000001fe775794c0 method=com.sun.marlin.MaskMarlinAlphaConsumer.setAndClearRelativeAlphas([I[IIII)V @ 548 c2
Event: 6.899 Thread 0x000001fe4fabbcb0 DEOPT PACKING pc=0x000001fe775794c0 sp=0x0000007861dfddb0
Event: 6.899 Thread 0x000001fe4fabbcb0 DEOPT UNPACKING pc=0x000001fe76f469a3 sp=0x0000007861dfdcc0 mode 2
Event: 6.900 Thread 0x000001fe4fabbcb0 Uncommon trap: trap_request=0xffffff45 fr.pc=0x000001fe77574ec0 relative=0x0000000000000c00
Event: 6.900 Thread 0x000001fe4fabbcb0 Uncommon trap: reason=unstable_if action=reinterpret pc=0x000001fe77574ec0 method=com.sun.marlin.MaskMarlinAlphaConsumer.setAndClearRelativeAlphas([I[IIII)V @ 548 c2
Event: 6.900 Thread 0x000001fe4fabbcb0 DEOPT PACKING pc=0x000001fe77574ec0 sp=0x0000007861dfdd70
Event: 6.900 Thread 0x000001fe4fabbcb0 DEOPT UNPACKING pc=0x000001fe76f469a3 sp=0x0000007861dfdcc0 mode 2
Event: 7.639 Thread 0x000001fe4fabbcb0 DEOPT PACKING pc=0x000001fe6feccdee sp=0x0000007861dfde70
Event: 7.639 Thread 0x000001fe4fabbcb0 DEOPT UNPACKING pc=0x000001fe76f47143 sp=0x0000007861dfd320 mode 0
Event: 7.951 Thread 0x000001fe4fabbcb0 DEOPT PACKING pc=0x000001fe6fec3ac3 sp=0x0000007861dfd800
Event: 7.951 Thread 0x000001fe4fabbcb0 DEOPT UNPACKING pc=0x000001fe76f47143 sp=0x0000007861dfcc68 mode 0
Event: 7.954 Thread 0x000001fe4fabbcb0 DEOPT PACKING pc=0x000001fe6fec3ac3 sp=0x0000007861dfd800
Event: 7.954 Thread 0x000001fe4fabbcb0 DEOPT UNPACKING pc=0x000001fe76f47143 sp=0x0000007861dfcc68 mode 0

Classes loaded (20 events):
Event: 5.651 Loading class java/util/stream/MatchOps$MatchOp
Event: 5.651 Loading class java/util/stream/MatchOps$MatchOp done
Event: 5.651 Loading class java/util/stream/MatchOps$BooleanTerminalSink
Event: 5.651 Loading class java/util/stream/MatchOps$BooleanTerminalSink done
Event: 5.652 Loading class java/util/stream/MatchOps$1MatchSink
Event: 5.652 Loading class java/util/stream/MatchOps$1MatchSink done
Event: 5.653 Loading class java/lang/BorderPane
Event: 5.653 Loading class java/lang/BorderPane done
Event: 5.653 Loading class java/util/BorderPane
Event: 5.653 Loading class java/util/BorderPane done
Event: 5.670 Loading class java/lang/AnchorPane
Event: 5.670 Loading class java/lang/AnchorPane done
Event: 5.670 Loading class java/util/AnchorPane
Event: 5.670 Loading class java/util/AnchorPane done
Event: 8.935 Loading class java/lang/Throwable$WrappedPrintStream
Event: 8.935 Loading class java/lang/Throwable$PrintStreamOrWriter
Event: 8.935 Loading class java/lang/Throwable$PrintStreamOrWriter done
Event: 8.935 Loading class java/lang/Throwable$WrappedPrintStream done
Event: 83.717 Loading class jdk/internal/misc/Signal$1
Event: 83.718 Loading class jdk/internal/misc/Signal$1 done

Classes unloaded (0 events):
No events

Classes redefined (0 events):
No events

Internal exceptions (20 events):
Event: 1.829 Thread 0x000001fe4fca0440 Exception <a 'java/lang/IncompatibleClassChangeError'{0x000000072dfd0c78}: Found class java.lang.Object, but interface was expected> (0x000000072dfd0c78) 
thrown [s\src\hotspot\share\interpreter\linkResolver.cpp, line 826]
Event: 1.869 Thread 0x000001fe4fca0440 Exception <a 'java/lang/ClassNotFoundException'{0x000000072ddc2738}: com/sun/javafx/scene/control/skin/resources/controls> (0x000000072ddc2738) 
thrown [s\src\hotspot\share\prims\jni.cpp, line 535]
Event: 1.870 Thread 0x000001fe4fca0440 Exception <a 'java/lang/ClassNotFoundException'{0x000000072ddd06d8}: com/sun/javafx/scene/control/skin/resources/controls_en> (0x000000072ddd06d8) 
thrown [s\src\hotspot\share\prims\jni.cpp, line 535]
Event: 1.870 Thread 0x000001fe4fca0440 Exception <a 'java/lang/ClassNotFoundException'{0x000000072ddd1670}: com/sun/javafx/scene/control/skin/resources/controls_en_AU> (0x000000072ddd1670) 
thrown [s\src\hotspot\share\prims\jni.cpp, line 535]
Event: 1.911 Thread 0x000001fe4fca0440 Implicit null exception at 0x000001fe7752ff94 to 0x000001fe7753037c
Event: 1.913 Thread 0x000001fe4fca0440 Exception <a 'java/lang/NoSuchMethodError'{0x000000072db89228}: 'void java.lang.invoke.DirectMethodHandle$Holder.invokeSpecial(java.lang.Object, java.lang.Object, java.lang.Object, java.lang.Object, java.lang.Object, java.lang.Object)'> (0x000000072db89228) 
thrown [s\src\hotspot\share\interpreter\linkResolver.cpp, line 759]
Event: 1.916 Thread 0x000001fe4fca0440 Implicit null exception at 0x000001fe77510c8e to 0x000001fe77511070
Event: 2.004 Thread 0x000001fe4fca0440 Exception <a 'java/lang/NoSuchMethodError'{0x000000072d7289b8}: 'java.lang.Object java.lang.invoke.DirectMethodHandle$Holder.newInvokeSpecial(java.lang.Object, java.lang.Object, int)'> (0x000000072d7289b8) 
thrown [s\src\hotspot\share\interpreter\linkResolver.cpp, line 759]
Event: 2.048 Thread 0x000001fe4fabbcb0 Exception <a 'java/lang/NoSuchMethodError'{0x000000072fa1a808}: 'int java.lang.invoke.DirectMethodHandle$Holder.invokeStaticInit(java.lang.Object, java.lang.Object)'> (0x000000072fa1a808) 
thrown [s\src\hotspot\share\interpreter\linkResolver.cpp, line 759]
Event: 2.058 Thread 0x000001fe4fca0440 Exception <a 'java/lang/NoSuchMethodError'{0x000000072fc33908}: 'long java.lang.invoke.DirectMethodHandle$Holder.invokeStatic(java.lang.Object, java.lang.Object, java.lang.Object)'> (0x000000072fc33908) 
thrown [s\src\hotspot\share\interpreter\linkResolver.cpp, line 759]
Event: 2.059 Thread 0x000001fe4fca0440 Exception <a 'java/lang/NoSuchMethodError'{0x000000072fc370b0}: 'long java.lang.invoke.DirectMethodHandle$Holder.invokeStaticInit(java.lang.Object, java.lang.Object, java.lang.Object)'> (0x000000072fc370b0) 
thrown [s\src\hotspot\share\interpreter\linkResolver.cpp, line 759]
Event: 2.063 Thread 0x000001fe4fca0440 Exception <a 'java/lang/NoSuchMethodError'{0x000000072fc4ec38}: 'java.lang.Object java.lang.invoke.DirectMethodHandle$Holder.newInvokeSpecial(java.lang.Object, java.lang.Object, long)'> (0x000000072fc4ec38) 
thrown [s\src\hotspot\share\interpreter\linkResolver.cpp, line 759]
Event: 2.064 Thread 0x000001fe4fca0440 Exception <a 'java/lang/NoSuchMethodError'{0x000000072fc527a8}: 'java.lang.Object java.lang.invoke.Invokers$Holder.linkToTargetMethod(java.lang.Object, long, java.lang.Object)'> (0x000000072fc527a8) 
thrown [s\src\hotspot\share\interpreter\linkResolver.cpp, line 759]
Event: 4.726 Thread 0x000001fe4fca0440 Exception <a 'java/lang/NoSuchMethodError'{0x000000072f6f8968}: 'java.lang.Object java.lang.invoke.DirectMethodHandle$Holder.newInvokeSpecial(java.lang.Object, java.lang.Object, int, int, int, int, int, java.lang.Object)'> (0x000000072f6f8968) 
thrown [s\src\hotspot\share\interpreter\linkResolver.cpp, line 759]
Event: 4.728 Thread 0x000001fe4fca0440 Exception <a 'java/lang/NoSuchMethodError'{0x000000072f70b948}: 'java.lang.Object java.lang.invoke.DirectMethodHandle$Holder.newInvokeSpecial(java.lang.Object, java.lang.Object, java.lang.Object, int, int, int, int, int)'> (0x000000072f70b948) 
thrown [s\src\hotspot\share\interpreter\linkResolver.cpp, line 759]
Event: 4.729 Thread 0x000001fe4fca0440 Exception <a 'java/lang/NoSuchMethodError'{0x000000072f7131a8}: 'java.lang.Object java.lang.invoke.Invokers$Holder.linkToTargetMethod(java.lang.Object, java.lang.Object, int, int, int, int, int, java.lang.Object)'> (0x000000072f7131a8) 
thrown [s\src\hotspot\share\interpreter\linkResolver.cpp, line 759]
Event: 5.650 Thread 0x000001fe4fca0440 Exception <a 'java/lang/NoSuchMethodError'{0x000000072f754e18}: 'int java.lang.invoke.DirectMethodHandle$Holder.invokeStatic(java.lang.Object, java.lang.Object, java.lang.Object, java.lang.Object)'> (0x000000072f754e18) 
thrown [s\src\hotspot\share\interpreter\linkResolver.cpp, line 759]
Event: 5.673 Thread 0x000001fe4fca0440 Exception <a 'java/io/FileNotFoundException'{0x000000072f49a620}> (0x000000072f49a620) 
thrown [s\src\hotspot\share\prims\jni.cpp, line 516]
Event: 8.935 Thread 0x000001fe4fca0440 Exception <a 'java/lang/NullPointerException'{0x000000072f221088}> (0x000000072f221088) 
thrown [s\src\hotspot\share\interpreter\linkResolver.cpp, line 1350]
Event: 8.935 Thread 0x000001fe4fca0440 Exception <a 'java/lang/reflect/InvocationTargetException'{0x000000072f2220a8}> (0x000000072f2220a8) 
thrown [s\src\hotspot\share\runtime\reflection.cpp, line 1128]

VM Operations (20 events):
Event: 2.037 Executing VM operation: G1CollectForAllocation done
Event: 3.037 Executing VM operation: Cleanup
Event: 3.037 Executing VM operation: Cleanup done
Event: 4.038 Executing VM operation: Cleanup
Event: 4.038 Executing VM operation: Cleanup done
Event: 5.038 Executing VM operation: Cleanup
Event: 5.038 Executing VM operation: Cleanup done
Event: 6.038 Executing VM operation: Cleanup
Event: 6.038 Executing VM operation: Cleanup done
Event: 8.039 Executing VM operation: Cleanup
Event: 8.039 Executing VM operation: Cleanup done
Event: 9.040 Executing VM operation: Cleanup
Event: 9.040 Executing VM operation: Cleanup done
Event: 10.040 Executing VM operation: Cleanup
Event: 10.040 Executing VM operation: Cleanup done
Event: 12.041 Executing VM operation: Cleanup
Event: 12.041 Executing VM operation: Cleanup done
Event: 60.165 Executing VM operation: HandshakeAllThreads
Event: 60.165 Executing VM operation: HandshakeAllThreads done
Event: 83.724 Executing VM operation: Exit

Events (20 events):
Event: 0.617 Thread 0x000001fe4fabbcb0 Thread added: 0x000001fe4fabbcb0
Event: 0.668 Thread 0x000001fe4f10c670 Thread exited: 0x000001fe4f10c670
Event: 0.690 Thread 0x000001fe4fac2f20 Thread added: 0x000001fe4fac2f20
Event: 0.695 Thread 0x000001fe4fca0440 Thread added: 0x000001fe4fca0440
Event: 0.789 Thread 0x000001fe4fd5d250 Thread added: 0x000001fe4fd5d250
Event: 0.795 Thread 0x000001fe4fdaaa20 Thread added: 0x000001fe4fdaaa20
Event: 1.373 Thread 0x000001fe4fe134c0 Thread added: 0x000001fe4fe134c0
Event: 1.567 Thread 0x000001fe5017ef00 Thread added: 0x000001fe5017ef00
Event: 1.802 Thread 0x000001fe5017ef00 Thread exited: 0x000001fe5017ef00
Event: 2.105 Thread 0x000001fe4fe12590 Thread added: 0x000001fe4fe12590
Event: 2.390 Thread 0x000001fe4f1d1590 Thread exited: 0x000001fe4f1d1590
Event: 6.906 Thread 0x000001fe57556670 Thread added: 0x000001fe57556670
Event: 7.045 Thread 0x000001fe57556670 Thread exited: 0x000001fe57556670
Event: 83.718 Thread 0x000001fe4fe139d0 Thread added: 0x000001fe4fe139d0
Event: 83.719 Thread 0x000001fe4fe13ee0 Thread added: 0x000001fe4fe13ee0
Event: 83.719 Thread 0x000001fe4fe143f0 Thread added: 0x000001fe4fe143f0
Event: 83.719 Thread 0x000001fe4fe15830 Thread added: 0x000001fe4fe15830
Event: 83.720 Thread 0x000001fe4fe15830 Thread exited: 0x000001fe4fe15830
Event: 83.721 Thread 0x000001fe4fe13ee0 Thread exited: 0x000001fe4fe13ee0
Event: 83.722 Thread 0x000001fe4fe143f0 Thread exited: 0x000001fe4fe143f0


Dynamic libraries:
0x00007ff76fbf0000 - 0x00007ff76fbfe000 	C:\Users\elish\.jdks\corretto-17.0.12\bin\java.exe
0x00007ffe4dcb0000 - 0x00007ffe4dec7000 	C:\WINDOWS\SYSTEM32\ntdll.dll
0x00007ffe4d140000 - 0x00007ffe4d204000 	C:\WINDOWS\System32\KERNEL32.DLL
0x00007ffe4afd0000 - 0x00007ffe4b37d000 	C:\WINDOWS\System32\KERNELBASE.dll
0x00007ffe4b7f0000 - 0x00007ffe4b901000 	C:\WINDOWS\System32\ucrtbase.dll
0x00007ffe3a8d0000 - 0x00007ffe3a8eb000 	C:\Users\elish\.jdks\corretto-17.0.12\bin\VCRUNTIME140.dll
0x00007ffe3ec50000 - 0x00007ffe3ec67000 	C:\Users\elish\.jdks\corretto-17.0.12\bin\jli.dll
0x00007ffe4bc80000 - 0x00007ffe4be2e000 	C:\WINDOWS\System32\USER32.dll
0x00007ffe37d90000 - 0x00007ffe38023000 	C:\WINDOWS\WinSxS\amd64_microsoft.windows.common-controls_6595b64144ccf1df_6.0.22621.3672_none_2713b9d173822955\COMCTL32.dll
0x00007ffe4b9b0000 - 0x00007ffe4b9d6000 	C:\WINDOWS\System32\win32u.dll
0x00007ffe4bbd0000 - 0x00007ffe4bc77000 	C:\WINDOWS\System32\msvcrt.dll
0x00007ffe4d5d0000 - 0x00007ffe4d5f9000 	C:\WINDOWS\System32\GDI32.dll
0x00007ffe4b380000 - 0x00007ffe4b499000 	C:\WINDOWS\System32\gdi32full.dll
0x00007ffe4b910000 - 0x00007ffe4b9aa000 	C:\WINDOWS\System32\msvcp_win.dll
0x00007ffe4db90000 - 0x00007ffe4dbc1000 	C:\WINDOWS\System32\IMM32.DLL
0x00007ffe46270000 - 0x00007ffe4627c000 	C:\Users\elish\.jdks\corretto-17.0.12\bin\vcruntime140_1.dll
0x00007ffe37050000 - 0x00007ffe370dd000 	C:\Users\elish\.jdks\corretto-17.0.12\bin\msvcp140.dll
0x00007ffe27690000 - 0x00007ffe282fa000 	C:\Users\elish\.jdks\corretto-17.0.12\bin\server\jvm.dll
0x00007ffe4cbf0000 - 0x00007ffe4cca2000 	C:\WINDOWS\System32\ADVAPI32.dll
0x00007ffe4d280000 - 0x00007ffe4d329000 	C:\WINDOWS\System32\sechost.dll
0x00007ffe4b7c0000 - 0x00007ffe4b7e8000 	C:\WINDOWS\System32\bcrypt.dll
0x00007ffe4d330000 - 0x00007ffe4d444000 	C:\WINDOWS\System32\RPCRT4.dll
0x00007ffe4d660000 - 0x00007ffe4d6d1000 	C:\WINDOWS\System32\WS2_32.dll
0x00007ffe48720000 - 0x00007ffe4872a000 	C:\WINDOWS\SYSTEM32\VERSION.dll
0x00007ffe4adf0000 - 0x00007ffe4ae3d000 	C:\WINDOWS\SYSTEM32\POWRPROF.dll
0x00007ffe44f20000 - 0x00007ffe44f54000 	C:\WINDOWS\SYSTEM32\WINMM.dll
0x00007ffe4acd0000 - 0x00007ffe4ace3000 	C:\WINDOWS\SYSTEM32\UMPDC.dll
0x00007ffe49fe0000 - 0x00007ffe49ff8000 	C:\WINDOWS\SYSTEM32\kernel.appcore.dll
0x00007ffe3dd50000 - 0x00007ffe3dd5a000 	C:\Users\elish\.jdks\corretto-17.0.12\bin\jimage.dll
0x00007ffe48470000 - 0x00007ffe486a2000 	C:\WINDOWS\SYSTEM32\DBGHELP.DLL
0x00007ffe4c860000 - 0x00007ffe4cbee000 	C:\WINDOWS\System32\combase.dll
0x00007ffe4dab0000 - 0x00007ffe4db87000 	C:\WINDOWS\System32\OLEAUT32.dll
0x00007ffe3ff90000 - 0x00007ffe3ffc2000 	C:\WINDOWS\SYSTEM32\dbgcore.DLL
0x00007ffe4b610000 - 0x00007ffe4b68b000 	C:\WINDOWS\System32\bcryptPrimitives.dll
0x00007ffe3ccb0000 - 0x00007ffe3ccbe000 	C:\Users\elish\.jdks\corretto-17.0.12\bin\instrument.dll
0x00007ffe37b20000 - 0x00007ffe37b45000 	C:\Users\elish\.jdks\corretto-17.0.12\bin\java.dll
0x00007ffe31c90000 - 0x00007ffe31d67000 	C:\Users\elish\.jdks\corretto-17.0.12\bin\jsvml.dll
0x00007ffe4bff0000 - 0x00007ffe4c857000 	C:\WINDOWS\System32\SHELL32.dll
0x00007ffe48f00000 - 0x00007ffe497ff000 	C:\WINDOWS\SYSTEM32\windows.storage.dll
0x00007ffe48dc0000 - 0x00007ffe48eff000 	C:\WINDOWS\SYSTEM32\wintypes.dll
0x00007ffe4ba70000 - 0x00007ffe4bb69000 	C:\WINDOWS\System32\SHCORE.dll
0x00007ffe4bb70000 - 0x00007ffe4bbce000 	C:\WINDOWS\System32\shlwapi.dll
0x00007ffe4af00000 - 0x00007ffe4af27000 	C:\WINDOWS\SYSTEM32\profapi.dll
0x00007ffe37a90000 - 0x00007ffe37aa9000 	C:\Users\elish\.jdks\corretto-17.0.12\bin\net.dll
0x00007ffe45a50000 - 0x00007ffe45b86000 	C:\WINDOWS\SYSTEM32\WINHTTP.dll
0x00007ffe4a440000 - 0x00007ffe4a4a9000 	C:\WINDOWS\system32\mswsock.dll
0x00007ffe37420000 - 0x00007ffe37436000 	C:\Users\elish\.jdks\corretto-17.0.12\bin\nio.dll
0x00007ffe37400000 - 0x00007ffe37418000 	C:\Users\elish\.jdks\corretto-17.0.12\bin\zip.dll
0x00007ffe36ec0000 - 0x00007ffe36eda000 	C:\Program Files\JetBrains\IntelliJ IDEA Community Edition 2024.1.4\bin\breakgen64.dll
0x000001fe09d80000 - 0x000001fe09d83000 	C:\Users\elish\.openjfx\cache\17.0.6\api-ms-win-core-console-l1-1-0.dll
0x000001fe09d90000 - 0x000001fe09d93000 	C:\Users\elish\.openjfx\cache\17.0.6\api-ms-win-core-console-l1-2-0.dll
0x000001fe09da0000 - 0x000001fe09da3000 	C:\Users\elish\.openjfx\cache\17.0.6\api-ms-win-core-datetime-l1-1-0.dll
0x000001fe09db0000 - 0x000001fe09db3000 	C:\Users\elish\.openjfx\cache\17.0.6\api-ms-win-core-debug-l1-1-0.dll
0x000001fe09dc0000 - 0x000001fe09dc3000 	C:\Users\elish\.openjfx\cache\17.0.6\api-ms-win-core-errorhandling-l1-1-0.dll
0x000001fe09dd0000 - 0x000001fe09dd4000 	C:\Users\elish\.openjfx\cache\17.0.6\api-ms-win-core-file-l1-1-0.dll
0x000001fe09de0000 - 0x000001fe09de3000 	C:\Users\elish\.openjfx\cache\17.0.6\api-ms-win-core-file-l1-2-0.dll
0x000001fe09df0000 - 0x000001fe09df3000 	C:\Users\elish\.openjfx\cache\17.0.6\api-ms-win-core-file-l2-1-0.dll
0x000001fe09e00000 - 0x000001fe09e03000 	C:\Users\elish\.openjfx\cache\17.0.6\api-ms-win-core-handle-l1-1-0.dll
0x000001fe09e10000 - 0x000001fe09e13000 	C:\Users\elish\.openjfx\cache\17.0.6\api-ms-win-core-heap-l1-1-0.dll
0x000001fe09e20000 - 0x000001fe09e23000 	C:\Users\elish\.openjfx\cache\17.0.6\api-ms-win-core-interlocked-l1-1-0.dll
0x000001fe09e30000 - 0x000001fe09e33000 	C:\Users\elish\.openjfx\cache\17.0.6\api-ms-win-core-libraryloader-l1-1-0.dll
0x000001fe09e40000 - 0x000001fe09e43000 	C:\Users\elish\.openjfx\cache\17.0.6\api-ms-win-core-localization-l1-2-0.dll
0x000001fe09e50000 - 0x000001fe09e53000 	C:\Users\elish\.openjfx\cache\17.0.6\api-ms-win-core-memory-l1-1-0.dll
0x000001fe09e60000 - 0x000001fe09e63000 	C:\Users\elish\.openjfx\cache\17.0.6\api-ms-win-core-namedpipe-l1-1-0.dll
0x000001fe09e70000 - 0x000001fe09e73000 	C:\Users\elish\.openjfx\cache\17.0.6\api-ms-win-core-processenvironment-l1-1-0.dll
0x000001fe09e80000 - 0x000001fe09e83000 	C:\Users\elish\.openjfx\cache\17.0.6\api-ms-win-core-processthreads-l1-1-0.dll
0x000001fe09e90000 - 0x000001fe09e93000 	C:\Users\elish\.openjfx\cache\17.0.6\api-ms-win-core-processthreads-l1-1-1.dll
0x000001fe09ea0000 - 0x000001fe09ea3000 	C:\Users\elish\.openjfx\cache\17.0.6\api-ms-win-core-profile-l1-1-0.dll
0x000001fe09eb0000 - 0x000001fe09eb3000 	C:\Users\elish\.openjfx\cache\17.0.6\api-ms-win-core-rtlsupport-l1-1-0.dll
0x000001fe09ec0000 - 0x000001fe09ec3000 	C:\Users\elish\.openjfx\cache\17.0.6\api-ms-win-core-string-l1-1-0.dll
0x000001fe09ed0000 - 0x000001fe09ed3000 	C:\Users\elish\.openjfx\cache\17.0.6\api-ms-win-core-synch-l1-1-0.dll
0x000001fe09ee0000 - 0x000001fe09ee3000 	C:\Users\elish\.openjfx\cache\17.0.6\api-ms-win-core-synch-l1-2-0.dll
0x000001fe09ef0000 - 0x000001fe09ef3000 	C:\Users\elish\.openjfx\cache\17.0.6\api-ms-win-core-sysinfo-l1-1-0.dll
0x000001fe09f00000 - 0x000001fe09f03000 	C:\Users\elish\.openjfx\cache\17.0.6\api-ms-win-core-timezone-l1-1-0.dll
0x000001fe09f10000 - 0x000001fe09f13000 	C:\Users\elish\.openjfx\cache\17.0.6\api-ms-win-core-util-l1-1-0.dll
0x000001fe09f20000 - 0x000001fe09f23000 	C:\Users\elish\.openjfx\cache\17.0.6\api-ms-win-crt-conio-l1-1-0.dll
0x000001fe09f30000 - 0x000001fe09f34000 	C:\Users\elish\.openjfx\cache\17.0.6\api-ms-win-crt-convert-l1-1-0.dll
0x000001fe09f40000 - 0x000001fe09f43000 	C:\Users\elish\.openjfx\cache\17.0.6\api-ms-win-crt-environment-l1-1-0.dll
0x000001fe09f50000 - 0x000001fe09f53000 	C:\Users\elish\.openjfx\cache\17.0.6\api-ms-win-crt-filesystem-l1-1-0.dll
0x000001fe09f60000 - 0x000001fe09f63000 	C:\Users\elish\.openjfx\cache\17.0.6\api-ms-win-crt-heap-l1-1-0.dll
0x000001fe09f70000 - 0x000001fe09f73000 	C:\Users\elish\.openjfx\cache\17.0.6\api-ms-win-crt-locale-l1-1-0.dll
0x000001fe09f80000 - 0x000001fe09f85000 	C:\Users\elish\.openjfx\cache\17.0.6\api-ms-win-crt-math-l1-1-0.dll
0x000001fe09f90000 - 0x000001fe09f95000 	C:\Users\elish\.openjfx\cache\17.0.6\api-ms-win-crt-multibyte-l1-1-0.dll
0x000001fe09fa0000 - 0x000001fe09fb0000 	C:\Users\elish\.openjfx\cache\17.0.6\api-ms-win-crt-private-l1-1-0.dll
0x000001fe09fb0000 - 0x000001fe09fb3000 	C:\Users\elish\.openjfx\cache\17.0.6\api-ms-win-crt-process-l1-1-0.dll
0x000001fe09fc0000 - 0x000001fe09fc4000 	C:\Users\elish\.openjfx\cache\17.0.6\api-ms-win-crt-runtime-l1-1-0.dll
0x000001fe09fd0000 - 0x000001fe09fd4000 	C:\Users\elish\.openjfx\cache\17.0.6\api-ms-win-crt-stdio-l1-1-0.dll
0x000001fe09fe0000 - 0x000001fe09fe4000 	C:\Users\elish\.openjfx\cache\17.0.6\api-ms-win-crt-string-l1-1-0.dll
0x000001fe09ff0000 - 0x000001fe09ff3000 	C:\Users\elish\.openjfx\cache\17.0.6\api-ms-win-crt-time-l1-1-0.dll
0x000001fe50bd0000 - 0x000001fe50bd3000 	C:\Users\elish\.openjfx\cache\17.0.6\api-ms-win-crt-utility-l1-1-0.dll
0x00007ffe27590000 - 0x00007ffe2768c000 	C:\Users\elish\.openjfx\cache\17.0.6\ucrtbase.dll
0x00007ffe36b10000 - 0x00007ffe36b2a000 	C:\Users\elish\.openjfx\cache\17.0.6\vcruntime140.dll
0x00007ffe37520000 - 0x00007ffe3752c000 	C:\Users\elish\.openjfx\cache\17.0.6\vcruntime140_1.dll
0x00007ffe30a20000 - 0x00007ffe30aad000 	C:\Users\elish\.openjfx\cache\17.0.6\msvcp140.dll
0x00007ffe373c0000 - 0x00007ffe373c9000 	C:\Users\elish\.openjfx\cache\17.0.6\msvcp140_1.dll
0x00007ffe309f0000 - 0x00007ffe30a1f000 	C:\Users\elish\.openjfx\cache\17.0.6\msvcp140_2.dll
0x00007ffe309c0000 - 0x00007ffe309ea000 	C:\Users\elish\.openjfx\cache\17.0.6\prism_d3d.dll
0x00007ffe2d4c0000 - 0x00007ffe2d668000 	C:\WINDOWS\system32\d3d9.dll
0x00007ffe47ef0000 - 0x00007ffe47f1b000 	C:\WINDOWS\SYSTEM32\dwmapi.dll
0x00007ffe47d80000 - 0x00007ffe47db7000 	C:\WINDOWS\SYSTEM32\dxcore.dll
0x00007ffe47c80000 - 0x00007ffe47d31000 	C:\WINDOWS\system32\uxtheme.dll
0x00007ffe4d8e0000 - 0x00007ffe4da85000 	C:\WINDOWS\System32\ole32.dll
0x00007ffe40970000 - 0x00007ffe409b9000 	C:\WINDOWS\SYSTEM32\directxdatabasehelper.dll
0x00007ffe27540000 - 0x00007ffe27582000 	C:\Users\elish\.openjfx\cache\17.0.6\glass.dll
0x00007ffe4d6e0000 - 0x00007ffe4d7df000 	C:\WINDOWS\System32\COMDLG32.dll
0x00007ffe4d470000 - 0x00007ffe4d5ce000 	C:\WINDOWS\System32\MSCTF.dll
0x00007ffe4a790000 - 0x00007ffe4a7ab000 	C:\WINDOWS\SYSTEM32\CRYPTSP.dll
0x00007ffe49f40000 - 0x00007ffe49f75000 	C:\WINDOWS\system32\rsaenh.dll
0x00007ffe4a4e0000 - 0x00007ffe4a508000 	C:\WINDOWS\SYSTEM32\USERENV.dll
0x00007ffe4a770000 - 0x00007ffe4a77c000 	C:\WINDOWS\SYSTEM32\CRYPTBASE.dll
0x00007ffe49aa0000 - 0x00007ffe49acd000 	C:\WINDOWS\SYSTEM32\IPHLPAPI.DLL
0x00007ffe4d460000 - 0x00007ffe4d469000 	C:\WINDOWS\System32\NSI.dll
0x00007ffe44fc0000 - 0x00007ffe44fd9000 	C:\WINDOWS\SYSTEM32\dhcpcsvc6.DLL
0x00007ffe44d20000 - 0x00007ffe44d3f000 	C:\WINDOWS\SYSTEM32\dhcpcsvc.DLL
0x00007ffe49ad0000 - 0x00007ffe49bc8000 	C:\WINDOWS\SYSTEM32\DNSAPI.dll
0x0000000070bc0000 - 0x0000000070c9c000 	C:\Users\elish\AppData\Local\Temp\sqlite-3.36.0.3-bec55246-4b90-425a-9163-5a1c4ed2a952-sqlitejdbc.dll
0x00007ffe2cc50000 - 0x00007ffe2cc64000 	C:\Users\elish\.openjfx\cache\17.0.6\javafx_font.dll
0x00007ffe42330000 - 0x00007ffe425a3000 	C:\WINDOWS\SYSTEM32\dwrite.dll
0x00007ffe4d7e0000 - 0x00007ffe4d890000 	C:\WINDOWS\System32\clbcatq.dll
0x00007ffe47a10000 - 0x00007ffe47bc1000 	C:\WINDOWS\SYSTEM32\WindowsCodecs.dll
0x00007ffe41260000 - 0x00007ffe412be000 	C:\WINDOWS\system32\dataexchange.dll
0x00007ffe3e5c0000 - 0x00007ffe3e84a000 	C:\WINDOWS\system32\twinapi.appcore.dll
0x00007ffe273b0000 - 0x00007ffe273e2000 	C:\Program Files\Common Files\Microsoft Shared\Ink\rtscom.dll
0x00007ffe32380000 - 0x00007ffe324c3000 	C:\WINDOWS\SYSTEM32\textinputframework.dll
0x00007ffe440b0000 - 0x00007ffe441e3000 	C:\WINDOWS\SYSTEM32\CoreMessaging.dll
0x00007ffe400b0000 - 0x00007ffe4041d000 	C:\WINDOWS\SYSTEM32\CoreUIComponents.dll
0x00007ffe28dd0000 - 0x00007ffe28e39000 	C:\WINDOWS\system32\Oleacc.dll
0x00007ffe43120000 - 0x00007ffe4370e000 	C:\WINDOWS\SYSTEM32\d2d1.dll

dbghelp: loaded successfully - version: 4.0.5 - missing functions: none
symbol engine: initialized successfully - sym options: 0x614 - pdb path: .;C:\Users\elish\.jdks\corretto-17.0.12\bin;C:\WINDOWS\SYSTEM32;C:\WINDOWS\WinSxS\amd64_microsoft.windows.common-controls_6595b64144ccf1df_6.0.22621.3672_none_2713b9d173822955;C:\Users\elish\.jdks\corretto-17.0.12\bin\server;C:\Program Files\JetBrains\IntelliJ IDEA Community Edition 2024.1.4\bin;C:\Users\elish\.openjfx\cache\17.0.6;C:\WINDOWS\System32\DriverStore\FileRepository\u0395758.inf_amd64_78194a9599324611\B395725;C:\Users\elish\AppData\Local\Temp;C:\Program Files\Common Files\Microsoft Shared\Ink

VM Arguments:
jvm_args: -javaagent:C:\Program Files\JetBrains\IntelliJ IDEA Community Edition 2024.1.4\lib\idea_rt.jar=51585:C:\Program Files\JetBrains\IntelliJ IDEA Community Edition 2024.1.4\bin -Dfile.encoding=UTF-8 --module-path=C:\Users\elish\.m2\repository\org\openjfx\javafx-controls\17.0.6\javafx-controls-17.0.6-win.jar;C:\Users\elish\OneDrive\Desktop\Java\CAB302-Assessment-1-0b0101\target\classes;C:\Users\elish\.m2\repository\org\openjfx\javafx-graphics\17.0.6\javafx-graphics-17.0.6-win.jar;C:\Users\elish\.m2\repository\org\openjfx\javafx-base\17.0.6\javafx-base-17.0.6-win.jar;C:\Users\elish\.m2\repository\org\openjfx\javafx-fxml\17.0.6\javafx-fxml-17.0.6-win.jar -Djdk.module.main=com.example.cab302assessment10b0101 
java_command: com.example.cab302assessment10b0101/com.example.cab302assessment10b0101.LibraHomeApp
java_class_path (initial): C:\Users\elish\.m2\repository\org\openjfx\javafx-controls\17.0.6\javafx-controls-17.0.6.jar;C:\Users\elish\.m2\repository\org\openjfx\javafx-graphics\17.0.6\javafx-graphics-17.0.6.jar;C:\Users\elish\.m2\repository\org\openjfx\javafx-base\17.0.6\javafx-base-17.0.6.jar;C:\Users\elish\.m2\repository\org\openjfx\javafx-fxml\17.0.6\javafx-fxml-17.0.6.jar;C:\Users\elish\.m2\repository\org\xerial\sqlite-jdbc\3.36.0.3\sqlite-jdbc-3.36.0.3.jar;C:\Users\elish\.m2\repository\de\jensd\fontawesomefx-commons\9.1.2\fontawesomefx-commons-9.1.2.jar;C:\Users\elish\.m2\repository\de\jensd\fontawesomefx-controls\9.1.2\fontawesomefx-controls-9.1.2.jar;C:\Users\elish\.m2\repository\de\jensd\fontawesomefx-fontawesome\4.7.0-9.1.2\fontawesomefx-fontawesome-4.7.0-9.1.2.jar
Launcher Type: SUN_STANDARD

[Global flags]
     intx CICompilerCount                          = 4                                         {product} {ergonomic}
     uint ConcGCThreads                            = 2                                         {product} {ergonomic}
     uint G1ConcRefinementThreads                  = 8                                         {product} {ergonomic}
   size_t G1HeapRegionSize                         = 2097152                                   {product} {ergonomic}
    uintx GCDrainStackTargetSize                   = 64                                        {product} {ergonomic}
   size_t InitialHeapSize                          = 234881024                                 {product} {ergonomic}
   size_t MarkStackSize                            = 4194304                                   {product} {ergonomic}
   size_t MaxHeapSize                              = 3726639104                                {product} {ergonomic}
   size_t MaxNewSize                               = 2235564032                                {product} {ergonomic}
   size_t MinHeapDeltaBytes                        = 2097152                                   {product} {ergonomic}
   size_t MinHeapSize                              = 8388608                                   {product} {ergonomic}
    uintx NonNMethodCodeHeapSize                   = 5839372                                {pd product} {ergonomic}
    uintx NonProfiledCodeHeapSize                  = 122909434                              {pd product} {ergonomic}
    uintx ProfiledCodeHeapSize                     = 122909434                              {pd product} {ergonomic}
    uintx ReservedCodeCacheSize                    = 251658240                              {pd product} {ergonomic}
     bool SegmentedCodeCache                       = true                                      {product} {ergonomic}
   size_t SoftMaxHeapSize                          = 3726639104                             {manageable} {ergonomic}
     bool UseCompressedClassPointers               = true                           {product lp64_product} {ergonomic}
     bool UseCompressedOops                        = true                           {product lp64_product} {ergonomic}
     bool UseG1GC                                  = true                                      {product} {ergonomic}
     bool UseLargePagesIndividualAllocation        = false                                  {pd product} {ergonomic}

Logging:
Log output configuration:
 #0: stdout all=off uptime,level,tags
 #1: stderr all=off uptime,level,tags

Environment Variables:
JAVA_HOME=C:\Program Files\Amazon Corretto\jdk21.0.4_7
PATH=C:\Program Files\Amazon Corretto\jdk21.0.4_7\bin;C:\Program Files\Microsoft SDKs\Azure\CLI2\wbin;C:\Ruby31-x64\bin;C:\Ruby32-x64\bin;C:\Program Files\Common Files\Oracle\Java\javapath;C:\Users\elish\OneDrive\Desktop\Java\Maven\apache-maven-3.6.3\bin;C:\Users\elish\OneDrive\Desktop\Java\Tomcat08\apache-tomcat-8.5.5\bin;C:\Users\elish\OneDrive\Desktop\Java\ideaIU-2019.3.2.win\bin;C:\Users\elish\AppData\Local\Microsoft\WindowsApps;C:\Users\elish\AppData\Local\atom\bin;C:\Users\elish\AppData\Local\Programs\Microsoft VS Code\bin;C:\Program Files\JetBrains\PyCharm Community Edition 2022.2\bin;C:\Users\elish\.dotnet\tools;C:\Program Files\Java\jdk-19\bin;C:\WINDOWS\system32;C:\WINDOWS;C:\WINDOWS\System32\Wbem;C:\WINDOWS\System32\WindowsPowerShell\v1.0\;C:\WINDOWS\System32\OpenSSH\;C:\Program Files\PuTTY\;C:\Program Files\Java\jdk-17\bin;C:\Program Files\MySQL\MySQL Server 5.5\bin;C:\Users\elish\AppData\Local\Programs\Python\Python311;C:\Program Files\dotnet\;C:\Program Files\Docker\Docker\resources\bin;C:\Program Files\Git\cmd;C:\Users\elish\AppData\Local\Microsoft\WindowsApps;C:\Users\elish\AppData\Local\Programs\Microsoft VS Code\bin;C:\Program Files\JetBrains\PyCharm Community Edition 2022.2\bin;C:\Users\elish\.dotnet\tools;C:\Users\elish\AppData\Local\Microsoft\WindowsApps;C:\Users\elish\.dotnet\tools;C:\Users\elish\AppData\Local\Programs\Python\Python312\;C:\Users\elish\AppData\Local\Programs\Python\Python312\Scripts\;
USERNAME=elish
OS=Windows_NT
PROCESSOR_IDENTIFIER=AMD64 Family 23 Model 24 Stepping 1, AuthenticAMD
TMP=C:\Users\elish\AppData\Local\Temp
TEMP=C:\Users\elish\AppData\Local\Temp



Periodic native trim disabled


---------------  S Y S T E M  ---------------

OS:
 Windows 11 , 64 bit Build 22621 (10.0.22621.3958)
OS uptime: 0 days 20:15 hours
Hyper-V role detected

CPU: total 8 (initial active 8) (8 cores per cpu, 2 threads per core) family 23 model 24 stepping 1 microcode 0x0, cx8, cmov, fxsr, ht, mmx, 3dnowpref, sse, sse2, sse3, ssse3, sse4a, sse4.1, sse4.2, popcnt, lzcnt, tsc, tscinvbit, avx, avx2, aes, clmul, bmi1, bmi2, adx, sha, fma, vzeroupper, clflush, clflushopt, hv
Processor Information for all 8 processors :
  Max Mhz: 2100, Current Mhz: 2100, Mhz Limit: 2100

Memory: 4k page, system-wide physical 14214M (4869M free)
TotalPageFile size 23430M (AvailPageFile size 10044M)
current process WorkingSet (physical memory assigned to process): 137M, peak: 164M
current process commit charge ("private bytes"): 389M, peak: 421M

vm_info: OpenJDK 64-Bit Server VM (17.0.12+7-LTS) for windows-amd64 JRE (17.0.12+7-LTS), built on Jul 10 2024 20:46:33 by "Administrator" with MS VC++ 16.10 / 16.11 (VS2019)

END.
